2021-10-06 20:18:37.194  INFO 3474 --- [main] c.h.a.c.CustomScannersServiceApplication : Starting CustomScannersServiceApplication on linux with PID 3474 (/home/yuri/.vscode/extensions/hcltechnologies.hclappscancodesweep-1.1.4/lib/custom-scanners-service-1.0.11.jar started by yuri in /home/yuri/Documents/Projets/UT/GET/admin)
2021-10-06 20:18:37.296  INFO 3474 --- [main] c.h.a.c.CustomScannersServiceApplication : No active profile set, falling back to default profiles: default
2021-10-06 20:18:42.518  INFO 3474 --- [main] o.s.b.w.embedded.tomcat.TomcatWebServer  : Tomcat initialized with port(s): 9221 (http)
2021-10-06 20:18:42.559  INFO 3474 --- [main] o.apache.catalina.core.StandardService   : Starting service [Tomcat]
2021-10-06 20:18:42.563  INFO 3474 --- [main] org.apache.catalina.core.StandardEngine  : Starting Servlet engine: [Apache Tomcat/9.0.29]
2021-10-06 20:18:42.772  INFO 3474 --- [main] o.a.c.c.C.[Tomcat].[localhost].[/]       : Initializing Spring embedded WebApplicationContext
2021-10-06 20:18:42.774 DEBUG 3474 --- [main] o.s.web.context.ContextLoader            : Published root WebApplicationContext as ServletContext attribute with name [org.springframework.web.context.WebApplicationContext.ROOT]
2021-10-06 20:18:42.777  INFO 3474 --- [main] o.s.web.context.ContextLoader            : Root WebApplicationContext: initialization completed in 5209 ms
2021-10-06 20:18:43.149 DEBUG 3474 --- [main] o.s.b.w.s.ServletContextInitializerBeans : Mapping filters: filterRegistrationBean urls=[/*] order=-2147483647, characterEncodingFilter urls=[/*] order=-2147483648, formContentFilter urls=[/*] order=-9900, requestContextFilter urls=[/*] order=-105
2021-10-06 20:18:43.150 DEBUG 3474 --- [main] o.s.b.w.s.ServletContextInitializerBeans : Mapping servlets: dispatcherServlet urls=[/]
2021-10-06 20:18:48.303 DEBUG 3474 --- [main] s.w.s.m.m.a.RequestMappingHandlerMapping : 19 mappings in 'requestMappingHandlerMapping'
2021-10-06 20:18:48.404  INFO 3474 --- [main] o.s.b.a.e.web.EndpointLinksResolver      : Exposing 2 endpoint(s) beneath base path '/actuator'
2021-10-06 20:18:48.559  INFO 3474 --- [main] pertySourcedRequestMappingHandlerMapping : Mapped URL path [/v2/api-docs] onto method [springfox.documentation.swagger2.web.Swagger2Controller#getDocumentation(String, HttpServletRequest)]
2021-10-06 20:18:48.799  INFO 3474 --- [main] o.s.s.concurrent.ThreadPoolTaskExecutor  : Initializing ExecutorService 'applicationTaskExecutor'
2021-10-06 20:18:48.849 DEBUG 3474 --- [main] s.w.s.m.m.a.RequestMappingHandlerAdapter : ControllerAdvice beans: 0 @ModelAttribute, 0 @InitBinder, 1 RequestBodyAdvice, 1 ResponseBodyAdvice
2021-10-06 20:18:49.302 DEBUG 3474 --- [main] o.s.w.s.handler.SimpleUrlHandlerMapping  : Patterns [/webjars/**, /**] in 'resourceHandlerMapping'
2021-10-06 20:18:49.374 DEBUG 3474 --- [main] .m.m.a.ExceptionHandlerExceptionResolver : ControllerAdvice beans: 1 @ExceptionHandler, 1 ResponseBodyAdvice
2021-10-06 20:18:49.560  INFO 3474 --- [main] d.s.w.p.DocumentationPluginsBootstrapper : Context refreshed
2021-10-06 20:18:49.691  INFO 3474 --- [main] d.s.w.p.DocumentationPluginsBootstrapper : Found 1 custom documentation plugin(s)
2021-10-06 20:18:49.860  INFO 3474 --- [main] s.d.s.w.s.ApiListingReferenceScanner     : Scanning for api listing references
2021-10-06 20:18:50.600  INFO 3474 --- [main] o.s.b.w.embedded.tomcat.TomcatWebServer  : Tomcat started on port(s): 9221 (http) with context path ''
2021-10-06 20:18:50.611  INFO 3474 --- [main] c.h.a.c.CustomScannersServiceApplication : Started CustomScannersServiceApplication in 17.97 seconds (JVM running for 22.711)
2021-10-06 20:18:50.911  INFO 3474 --- [http-nio-9221-exec-1] o.a.c.c.C.[Tomcat].[localhost].[/]       : Initializing Spring DispatcherServlet 'dispatcherServlet'
2021-10-06 20:18:50.913  INFO 3474 --- [http-nio-9221-exec-1] o.s.web.servlet.DispatcherServlet        : Initializing Servlet 'dispatcherServlet'
2021-10-06 20:18:50.913 DEBUG 3474 --- [http-nio-9221-exec-1] o.s.web.servlet.DispatcherServlet        : Detected StandardServletMultipartResolver
2021-10-06 20:18:50.949 DEBUG 3474 --- [http-nio-9221-exec-1] o.s.web.servlet.DispatcherServlet        : enableLoggingRequestDetails='false': request parameters and headers will be masked to prevent unsafe logging of potentially sensitive data
2021-10-06 20:18:50.952  INFO 3474 --- [http-nio-9221-exec-1] o.s.web.servlet.DispatcherServlet        : Completed initialization in 38 ms
2021-10-06 20:18:50.994 DEBUG 3474 --- [http-nio-9221-exec-1] o.s.web.servlet.DispatcherServlet        : GET "/v1/scanRules", parameters={}
2021-10-06 20:18:51.009 DEBUG 3474 --- [http-nio-9221-exec-1] s.w.s.m.m.a.RequestMappingHandlerMapping : Mapped to com.hcl.appscan.customscannersservice.controller.CustomScannersController#getScanRules(String[])
2021-10-06 20:18:51.050 DEBUG 3474 --- [http-nio-9221-exec-1] o.s.w.s.m.m.a.HttpEntityMethodProcessor  : Using 'application/json', given [application/json] and supported [application/json]
2021-10-06 20:18:51.090 DEBUG 3474 --- [http-nio-9221-exec-1] o.s.w.s.m.m.a.HttpEntityMethodProcessor  : Writing [{Golang={com.ouncelabs.languagelite.golang.rules.CommMisconfig=CustomScannersServiceScanRule{ruleNam (truncated)...]
2021-10-06 20:18:51.223 DEBUG 3474 --- [http-nio-9221-exec-1] o.s.web.servlet.DispatcherServlet        : Completed 200 OK
2021-10-06 20:29:56.603 DEBUG 3474 --- [http-nio-9221-exec-2] o.s.web.servlet.DispatcherServlet        : POST "/v1/scanFile", parameters={masked}
2021-10-06 20:29:56.642 DEBUG 3474 --- [http-nio-9221-exec-2] s.w.s.m.m.a.RequestMappingHandlerMapping : Mapped to com.hcl.appscan.customscannersservice.controller.CustomScannersController#runScanFile(MultipartFile, String, int[])
2021-10-06 20:29:57.074 DEBUG 3474 --- [http-nio-9221-exec-2] o.s.w.s.m.m.a.HttpEntityMethodProcessor  : Using 'application/json', given [application/json] and supported [application/json]
2021-10-06 20:29:57.080 DEBUG 3474 --- [http-nio-9221-exec-2] o.s.w.s.m.m.a.HttpEntityMethodProcessor  : Writing [CustomScannerServiceResult{findings=[], articles={}}]
2021-10-06 20:29:57.099 DEBUG 3474 --- [http-nio-9221-exec-2] o.s.web.servlet.DispatcherServlet        : Completed 200 OK
2021-10-06 20:29:57.126 DEBUG 3474 --- [http-nio-9221-exec-3] o.s.web.servlet.DispatcherServlet        : POST "/v1/scanFile", parameters={masked}
2021-10-06 20:29:57.131 DEBUG 3474 --- [http-nio-9221-exec-3] s.w.s.m.m.a.RequestMappingHandlerMapping : Mapped to com.hcl.appscan.customscannersservice.controller.CustomScannersController#runScanFile(MultipartFile, String, int[])
2021-10-06 20:29:57.270 DEBUG 3474 --- [http-nio-9221-exec-3] o.s.w.s.m.m.a.HttpEntityMethodProcessor  : Using 'application/json', given [application/json] and supported [application/json]
2021-10-06 20:29:57.276 DEBUG 3474 --- [http-nio-9221-exec-3] o.s.w.s.m.m.a.HttpEntityMethodProcessor  : Writing [CustomScannerServiceResult{findings=[], articles={}}]
2021-10-06 20:29:57.289 DEBUG 3474 --- [http-nio-9221-exec-3] o.s.web.servlet.DispatcherServlet        : Completed 200 OK
2021-10-06 20:29:57.312 DEBUG 3474 --- [http-nio-9221-exec-4] o.s.web.servlet.DispatcherServlet        : POST "/v1/scanFile", parameters={masked}
2021-10-06 20:29:57.318 DEBUG 3474 --- [http-nio-9221-exec-4] s.w.s.m.m.a.RequestMappingHandlerMapping : Mapped to com.hcl.appscan.customscannersservice.controller.CustomScannersController#runScanFile(MultipartFile, String, int[])
2021-10-06 20:29:57.441 DEBUG 3474 --- [http-nio-9221-exec-4] o.s.w.s.m.m.a.HttpEntityMethodProcessor  : Using 'application/json', given [application/json] and supported [application/json]
2021-10-06 20:29:57.442 DEBUG 3474 --- [http-nio-9221-exec-4] o.s.w.s.m.m.a.HttpEntityMethodProcessor  : Writing [CustomScannerServiceResult{findings=[], articles={}}]
2021-10-06 20:29:57.445 DEBUG 3474 --- [http-nio-9221-exec-4] o.s.web.servlet.DispatcherServlet        : Completed 200 OK
2021-10-06 20:29:57.462 DEBUG 3474 --- [http-nio-9221-exec-5] o.s.web.servlet.DispatcherServlet        : POST "/v1/scanFile", parameters={masked}
2021-10-06 20:29:57.464 DEBUG 3474 --- [http-nio-9221-exec-5] s.w.s.m.m.a.RequestMappingHandlerMapping : Mapped to com.hcl.appscan.customscannersservice.controller.CustomScannersController#runScanFile(MultipartFile, String, int[])
2021-10-06 20:29:57.565 DEBUG 3474 --- [http-nio-9221-exec-5] o.s.w.s.m.m.a.HttpEntityMethodProcessor  : Using 'application/json', given [application/json] and supported [application/json]
2021-10-06 20:29:57.566 DEBUG 3474 --- [http-nio-9221-exec-5] o.s.w.s.m.m.a.HttpEntityMethodProcessor  : Writing [CustomScannerServiceResult{findings=[], articles={}}]
2021-10-06 20:29:57.568 DEBUG 3474 --- [http-nio-9221-exec-5] o.s.web.servlet.DispatcherServlet        : Completed 200 OK
2021-10-06 20:34:51.905 DEBUG 3474 --- [http-nio-9221-exec-6] o.s.web.servlet.DispatcherServlet        : POST "/v1/scanFile", parameters={masked}
2021-10-06 20:34:51.911 DEBUG 3474 --- [http-nio-9221-exec-6] s.w.s.m.m.a.RequestMappingHandlerMapping : Mapped to com.hcl.appscan.customscannersservice.controller.CustomScannersController#runScanFile(MultipartFile, String, int[])
2021-10-06 20:34:51.984 DEBUG 3474 --- [http-nio-9221-exec-6] o.s.w.s.m.m.a.HttpEntityMethodProcessor  : Using 'application/json', given [application/json] and supported [application/json]
2021-10-06 20:34:51.984 DEBUG 3474 --- [http-nio-9221-exec-6] o.s.w.s.m.m.a.HttpEntityMethodProcessor  : Writing [CustomScannerServiceResult{findings=[], articles={}}]
2021-10-06 20:34:51.986 DEBUG 3474 --- [http-nio-9221-exec-6] o.s.web.servlet.DispatcherServlet        : Completed 200 OK
2021-10-06 20:34:51.999 DEBUG 3474 --- [http-nio-9221-exec-7] o.s.web.servlet.DispatcherServlet        : POST "/v1/scanFile", parameters={masked}
2021-10-06 20:34:52.001 DEBUG 3474 --- [http-nio-9221-exec-7] s.w.s.m.m.a.RequestMappingHandlerMapping : Mapped to com.hcl.appscan.customscannersservice.controller.CustomScannersController#runScanFile(MultipartFile, String, int[])
2021-10-06 20:34:52.014 DEBUG 3474 --- [http-nio-9221-exec-7] o.s.w.s.m.m.a.HttpEntityMethodProcessor  : Using 'application/json', given [application/json] and supported [application/json]
2021-10-06 20:34:52.015 DEBUG 3474 --- [http-nio-9221-exec-7] o.s.w.s.m.m.a.HttpEntityMethodProcessor  : Writing [CustomScannerServiceResult{findings=[], articles={}}]
2021-10-06 20:34:52.016 DEBUG 3474 --- [http-nio-9221-exec-7] o.s.web.servlet.DispatcherServlet        : Completed 200 OK
2021-10-06 20:34:52.025 DEBUG 3474 --- [http-nio-9221-exec-8] o.s.web.servlet.DispatcherServlet        : POST "/v1/scanFile", parameters={masked}
2021-10-06 20:34:52.026 DEBUG 3474 --- [http-nio-9221-exec-8] s.w.s.m.m.a.RequestMappingHandlerMapping : Mapped to com.hcl.appscan.customscannersservice.controller.CustomScannersController#runScanFile(MultipartFile, String, int[])
2021-10-06 20:34:52.046 DEBUG 3474 --- [http-nio-9221-exec-8] o.s.w.s.m.m.a.HttpEntityMethodProcessor  : Using 'application/json', given [application/json] and supported [application/json]
2021-10-06 20:34:52.047 DEBUG 3474 --- [http-nio-9221-exec-8] o.s.w.s.m.m.a.HttpEntityMethodProcessor  : Writing [CustomScannerServiceResult{findings=[], articles={}}]
2021-10-06 20:34:52.048 DEBUG 3474 --- [http-nio-9221-exec-8] o.s.web.servlet.DispatcherServlet        : Completed 200 OK
2021-10-06 20:34:52.057 DEBUG 3474 --- [http-nio-9221-exec-9] o.s.web.servlet.DispatcherServlet        : POST "/v1/scanFile", parameters={masked}
2021-10-06 20:34:52.059 DEBUG 3474 --- [http-nio-9221-exec-9] s.w.s.m.m.a.RequestMappingHandlerMapping : Mapped to com.hcl.appscan.customscannersservice.controller.CustomScannersController#runScanFile(MultipartFile, String, int[])
2021-10-06 20:34:52.066 DEBUG 3474 --- [http-nio-9221-exec-9] o.s.w.s.m.m.a.HttpEntityMethodProcessor  : Using 'application/json', given [application/json] and supported [application/json]
2021-10-06 20:34:52.066 DEBUG 3474 --- [http-nio-9221-exec-9] o.s.w.s.m.m.a.HttpEntityMethodProcessor  : Writing [CustomScannerServiceResult{findings=[], articles={}}]
2021-10-06 20:34:52.068 DEBUG 3474 --- [http-nio-9221-exec-9] o.s.web.servlet.DispatcherServlet        : Completed 200 OK
2021-10-06 20:35:41.596 DEBUG 3474 --- [http-nio-9221-exec-10] o.s.web.servlet.DispatcherServlet        : POST "/v1/scanFile", parameters={masked}
2021-10-06 20:35:41.617 DEBUG 3474 --- [http-nio-9221-exec-10] s.w.s.m.m.a.RequestMappingHandlerMapping : Mapped to com.hcl.appscan.customscannersservice.controller.CustomScannersController#runScanFile(MultipartFile, String, int[])
2021-10-06 20:35:41.637 DEBUG 3474 --- [http-nio-9221-exec-10] o.s.w.s.m.m.a.HttpEntityMethodProcessor  : Using 'application/json', given [application/json] and supported [application/json]
2021-10-06 20:35:41.638 DEBUG 3474 --- [http-nio-9221-exec-10] o.s.w.s.m.m.a.HttpEntityMethodProcessor  : Writing [CustomScannerServiceResult{findings=[], articles={}}]
2021-10-06 20:35:41.643 DEBUG 3474 --- [http-nio-9221-exec-10] o.s.web.servlet.DispatcherServlet        : Completed 200 OK
2021-10-06 20:51:57.168 DEBUG 3474 --- [http-nio-9221-exec-1] o.s.web.servlet.DispatcherServlet        : POST "/v1/scanFile", parameters={masked}
2021-10-06 20:51:57.179 DEBUG 3474 --- [http-nio-9221-exec-1] s.w.s.m.m.a.RequestMappingHandlerMapping : Mapped to com.hcl.appscan.customscannersservice.controller.CustomScannersController#runScanFile(MultipartFile, String, int[])
2021-10-06 20:51:57.231 DEBUG 3474 --- [http-nio-9221-exec-1] o.s.w.s.m.m.a.HttpEntityMethodProcessor  : Using 'application/json', given [application/json] and supported [application/json]
2021-10-06 20:51:57.232 DEBUG 3474 --- [http-nio-9221-exec-1] o.s.w.s.m.m.a.HttpEntityMethodProcessor  : Writing [CustomScannerServiceResult{findings=[], articles={}}]
2021-10-06 20:51:57.236 DEBUG 3474 --- [http-nio-9221-exec-1] o.s.web.servlet.DispatcherServlet        : Completed 200 OK
2021-10-06 20:51:57.247 DEBUG 3474 --- [http-nio-9221-exec-2] o.s.web.servlet.DispatcherServlet        : POST "/v1/scanFile", parameters={masked}
2021-10-06 20:51:57.248 DEBUG 3474 --- [http-nio-9221-exec-2] s.w.s.m.m.a.RequestMappingHandlerMapping : Mapped to com.hcl.appscan.customscannersservice.controller.CustomScannersController#runScanFile(MultipartFile, String, int[])
2021-10-06 20:51:57.275 DEBUG 3474 --- [http-nio-9221-exec-2] o.s.w.s.m.m.a.HttpEntityMethodProcessor  : Using 'application/json', given [application/json] and supported [application/json]
2021-10-06 20:51:57.276 DEBUG 3474 --- [http-nio-9221-exec-2] o.s.w.s.m.m.a.HttpEntityMethodProcessor  : Writing [CustomScannerServiceResult{findings=[], articles={}}]
2021-10-06 20:51:57.279 DEBUG 3474 --- [http-nio-9221-exec-2] o.s.web.servlet.DispatcherServlet        : Completed 200 OK
2021-10-06 20:51:57.288 DEBUG 3474 --- [http-nio-9221-exec-3] o.s.web.servlet.DispatcherServlet        : POST "/v1/scanFile", parameters={masked}
2021-10-06 20:51:57.290 DEBUG 3474 --- [http-nio-9221-exec-3] s.w.s.m.m.a.RequestMappingHandlerMapping : Mapped to com.hcl.appscan.customscannersservice.controller.CustomScannersController#runScanFile(MultipartFile, String, int[])
2021-10-06 20:51:57.307 DEBUG 3474 --- [http-nio-9221-exec-3] o.s.w.s.m.m.a.HttpEntityMethodProcessor  : Using 'application/json', given [application/json] and supported [application/json]
2021-10-06 20:51:57.311 DEBUG 3474 --- [http-nio-9221-exec-3] o.s.w.s.m.m.a.HttpEntityMethodProcessor  : Writing [CustomScannerServiceResult{findings=[], articles={}}]
2021-10-06 20:51:57.314 DEBUG 3474 --- [http-nio-9221-exec-3] o.s.web.servlet.DispatcherServlet        : Completed 200 OK
2021-10-06 20:51:57.324 DEBUG 3474 --- [http-nio-9221-exec-4] o.s.web.servlet.DispatcherServlet        : POST "/v1/scanFile", parameters={masked}
2021-10-06 20:51:57.325 DEBUG 3474 --- [http-nio-9221-exec-4] s.w.s.m.m.a.RequestMappingHandlerMapping : Mapped to com.hcl.appscan.customscannersservice.controller.CustomScannersController#runScanFile(MultipartFile, String, int[])
2021-10-06 20:51:57.371 DEBUG 3474 --- [http-nio-9221-exec-4] o.s.w.s.m.m.a.HttpEntityMethodProcessor  : Using 'application/json', given [application/json] and supported [application/json]
2021-10-06 20:51:57.374 DEBUG 3474 --- [http-nio-9221-exec-4] o.s.w.s.m.m.a.HttpEntityMethodProcessor  : Writing [CustomScannerServiceResult{findings=[], articles={}}]
2021-10-06 20:51:57.379 DEBUG 3474 --- [http-nio-9221-exec-4] o.s.web.servlet.DispatcherServlet        : Completed 200 OK
2021-10-06 20:51:57.444 DEBUG 3474 --- [http-nio-9221-exec-5] o.s.web.servlet.DispatcherServlet        : POST "/v1/scanFile", parameters={masked}
2021-10-06 20:51:57.446 DEBUG 3474 --- [http-nio-9221-exec-5] s.w.s.m.m.a.RequestMappingHandlerMapping : Mapped to com.hcl.appscan.customscannersservice.controller.CustomScannersController#runScanFile(MultipartFile, String, int[])
2021-10-06 20:51:57.683  WARN 3474 --- [http-nio-9221-exec-5] c.h.a.c.service.ArticleProvider          : Aucun article trouvé pour vulnName : Insecure Configuration of Private Data Exposed via HTTP URL
2021-10-06 20:51:57.689  WARN 3474 --- [http-nio-9221-exec-5] c.h.a.c.service.ArticleProvider          : Aucun article trouvé pour vulnName : Insecure Configuration of Private Data Exposed via HTTP URL
2021-10-06 20:51:57.692 DEBUG 3474 --- [http-nio-9221-exec-5] o.s.w.s.m.m.a.HttpEntityMethodProcessor  : Using 'application/json', given [application/json] and supported [application/json]
2021-10-06 20:51:57.696 DEBUG 3474 --- [http-nio-9221-exec-5] o.s.w.s.m.m.a.HttpEntityMethodProcessor  : Writing [CustomScannerServiceResult{findings=[CustomScannersServiceFinding{file='base-http.ts', lineNumber='8 (truncated)...]
2021-10-06 20:51:58.178 DEBUG 3474 --- [http-nio-9221-exec-5] o.s.web.servlet.DispatcherServlet        : Completed 200 OK
2021-10-06 20:51:58.199 DEBUG 3474 --- [http-nio-9221-exec-6] o.s.web.servlet.DispatcherServlet        : POST "/v1/scanFile", parameters={masked}
2021-10-06 20:51:58.201 DEBUG 3474 --- [http-nio-9221-exec-6] s.w.s.m.m.a.RequestMappingHandlerMapping : Mapped to com.hcl.appscan.customscannersservice.controller.CustomScannersController#runScanFile(MultipartFile, String, int[])
2021-10-06 20:51:58.220 DEBUG 3474 --- [http-nio-9221-exec-6] o.s.w.s.m.m.a.HttpEntityMethodProcessor  : Using 'application/json', given [application/json] and supported [application/json]
2021-10-06 20:51:58.222 DEBUG 3474 --- [http-nio-9221-exec-6] o.s.w.s.m.m.a.HttpEntityMethodProcessor  : Writing [CustomScannerServiceResult{findings=[], articles={}}]
2021-10-06 20:51:58.227 DEBUG 3474 --- [http-nio-9221-exec-6] o.s.web.servlet.DispatcherServlet        : Completed 200 OK
2021-10-06 20:53:54.493 DEBUG 3474 --- [http-nio-9221-exec-7] o.s.web.servlet.DispatcherServlet        : GET "/v1/ignore/ruleName", parameters={}
2021-10-06 20:53:54.496 DEBUG 3474 --- [http-nio-9221-exec-7] s.w.s.m.m.a.RequestMappingHandlerMapping : Mapped to com.hcl.appscan.customscannersservice.controller.CustomScannersController#getRuleNameIgnoreRules()
2021-10-06 20:53:54.498 DEBUG 3474 --- [http-nio-9221-exec-7] o.s.w.s.m.m.a.HttpEntityMethodProcessor  : Using 'application/json', given [application/json] and supported [application/json]
2021-10-06 20:53:54.513 DEBUG 3474 --- [http-nio-9221-exec-7] o.s.w.s.m.m.a.HttpEntityMethodProcessor  : Writing [[]]
2021-10-06 20:53:54.515 DEBUG 3474 --- [http-nio-9221-exec-7] o.s.web.servlet.DispatcherServlet        : Completed 200 OK
2021-10-06 20:55:13.463 DEBUG 3474 --- [http-nio-9221-exec-8] o.s.web.servlet.DispatcherServlet        : GET "/v1/ignore/ruleName", parameters={}
2021-10-06 20:55:13.464 DEBUG 3474 --- [http-nio-9221-exec-8] s.w.s.m.m.a.RequestMappingHandlerMapping : Mapped to com.hcl.appscan.customscannersservice.controller.CustomScannersController#getRuleNameIgnoreRules()
2021-10-06 20:55:13.465 DEBUG 3474 --- [http-nio-9221-exec-8] o.s.w.s.m.m.a.HttpEntityMethodProcessor  : Using 'application/json', given [application/json] and supported [application/json]
2021-10-06 20:55:13.466 DEBUG 3474 --- [http-nio-9221-exec-8] o.s.w.s.m.m.a.HttpEntityMethodProcessor  : Writing [[]]
2021-10-06 20:55:13.468 DEBUG 3474 --- [http-nio-9221-exec-8] o.s.web.servlet.DispatcherServlet        : Completed 200 OK
2021-10-06 20:55:56.100 DEBUG 3474 --- [http-nio-9221-exec-9] o.s.web.servlet.DispatcherServlet        : GET "/v1/ignore/ruleName", parameters={}
2021-10-06 20:55:56.101 DEBUG 3474 --- [http-nio-9221-exec-9] s.w.s.m.m.a.RequestMappingHandlerMapping : Mapped to com.hcl.appscan.customscannersservice.controller.CustomScannersController#getRuleNameIgnoreRules()
2021-10-06 20:55:56.102 DEBUG 3474 --- [http-nio-9221-exec-9] o.s.w.s.m.m.a.HttpEntityMethodProcessor  : Using 'application/json', given [application/json] and supported [application/json]
2021-10-06 20:55:56.103 DEBUG 3474 --- [http-nio-9221-exec-9] o.s.w.s.m.m.a.HttpEntityMethodProcessor  : Writing [[]]
2021-10-06 20:55:56.104 DEBUG 3474 --- [http-nio-9221-exec-9] o.s.web.servlet.DispatcherServlet        : Completed 200 OK
2021-10-06 21:01:48.673 DEBUG 3474 --- [http-nio-9221-exec-1] o.s.web.servlet.DispatcherServlet        : GET "/v1/ignore/ruleName", parameters={}
2021-10-06 21:01:48.681 DEBUG 3474 --- [http-nio-9221-exec-3] o.s.web.servlet.DispatcherServlet        : GET "/v1/ignore/ruleName", parameters={}
2021-10-06 21:01:48.682 DEBUG 3474 --- [http-nio-9221-exec-2] o.s.web.servlet.DispatcherServlet        : GET "/v1/ignore/ruleName", parameters={}
2021-10-06 21:01:48.683 DEBUG 3474 --- [http-nio-9221-exec-4] o.s.web.servlet.DispatcherServlet        : GET "/v1/ignore/ruleName", parameters={}
2021-10-06 21:01:48.682 DEBUG 3474 --- [http-nio-9221-exec-1] s.w.s.m.m.a.RequestMappingHandlerMapping : Mapped to com.hcl.appscan.customscannersservice.controller.CustomScannersController#getRuleNameIgnoreRules()
2021-10-06 21:01:48.698 DEBUG 3474 --- [http-nio-9221-exec-1] o.s.w.s.m.m.a.HttpEntityMethodProcessor  : Using 'application/json', given [application/json] and supported [application/json]
2021-10-06 21:01:48.699 DEBUG 3474 --- [http-nio-9221-exec-1] o.s.w.s.m.m.a.HttpEntityMethodProcessor  : Writing [[]]
2021-10-06 21:01:48.712 DEBUG 3474 --- [http-nio-9221-exec-1] o.s.web.servlet.DispatcherServlet        : Completed 200 OK
2021-10-06 21:01:48.732 DEBUG 3474 --- [http-nio-9221-exec-3] s.w.s.m.m.a.RequestMappingHandlerMapping : Mapped to com.hcl.appscan.customscannersservice.controller.CustomScannersController#getRuleNameIgnoreRules()
2021-10-06 21:01:48.733 DEBUG 3474 --- [http-nio-9221-exec-3] o.s.w.s.m.m.a.HttpEntityMethodProcessor  : Using 'application/json', given [application/json] and supported [application/json]
2021-10-06 21:01:48.733 DEBUG 3474 --- [http-nio-9221-exec-3] o.s.w.s.m.m.a.HttpEntityMethodProcessor  : Writing [[]]
2021-10-06 21:01:48.734 DEBUG 3474 --- [http-nio-9221-exec-2] s.w.s.m.m.a.RequestMappingHandlerMapping : Mapped to com.hcl.appscan.customscannersservice.controller.CustomScannersController#getRuleNameIgnoreRules()
2021-10-06 21:01:48.733 DEBUG 3474 --- [http-nio-9221-exec-10] o.s.web.servlet.DispatcherServlet        : GET "/v1/ignore/ruleName", parameters={}
2021-10-06 21:01:48.735 DEBUG 3474 --- [http-nio-9221-exec-2] o.s.w.s.m.m.a.HttpEntityMethodProcessor  : Using 'application/json', given [application/json] and supported [application/json]
2021-10-06 21:01:48.735 DEBUG 3474 --- [http-nio-9221-exec-4] s.w.s.m.m.a.RequestMappingHandlerMapping : Mapped to com.hcl.appscan.customscannersservice.controller.CustomScannersController#getRuleNameIgnoreRules()
2021-10-06 21:01:48.736 DEBUG 3474 --- [http-nio-9221-exec-10] s.w.s.m.m.a.RequestMappingHandlerMapping : Mapped to com.hcl.appscan.customscannersservice.controller.CustomScannersController#getRuleNameIgnoreRules()
2021-10-06 21:01:48.736 DEBUG 3474 --- [http-nio-9221-exec-4] o.s.w.s.m.m.a.HttpEntityMethodProcessor  : Using 'application/json', given [application/json] and supported [application/json]
2021-10-06 21:01:48.736 DEBUG 3474 --- [http-nio-9221-exec-4] o.s.w.s.m.m.a.HttpEntityMethodProcessor  : Writing [[]]
2021-10-06 21:01:48.737 DEBUG 3474 --- [http-nio-9221-exec-10] o.s.w.s.m.m.a.HttpEntityMethodProcessor  : Using 'application/json', given [application/json] and supported [application/json]
2021-10-06 21:01:48.737 DEBUG 3474 --- [http-nio-9221-exec-10] o.s.w.s.m.m.a.HttpEntityMethodProcessor  : Writing [[]]
2021-10-06 21:01:48.737 DEBUG 3474 --- [http-nio-9221-exec-4] o.s.web.servlet.DispatcherServlet        : Completed 200 OK
2021-10-06 21:01:48.738 DEBUG 3474 --- [http-nio-9221-exec-10] o.s.web.servlet.DispatcherServlet        : Completed 200 OK
2021-10-06 21:01:48.738 DEBUG 3474 --- [http-nio-9221-exec-2] o.s.w.s.m.m.a.HttpEntityMethodProcessor  : Writing [[]]
2021-10-06 21:01:48.739 DEBUG 3474 --- [http-nio-9221-exec-2] o.s.web.servlet.DispatcherServlet        : Completed 200 OK
2021-10-06 21:01:48.741 DEBUG 3474 --- [http-nio-9221-exec-3] o.s.web.servlet.DispatcherServlet        : Completed 200 OK
